         ps                              clock      instruction           pcout        s_regDout        s_regSout        s_regAout  sel  sel             outM  writeM              inM             
     505000                                  1 0000000000000000 000000000000001 0000000000000000 0000000000000000 0000000000000000    0    0 0000000000000000       0 0000000000000100 
     515000                                  1 1111100000010000 000000000000010 0000000000000000 0000000000000000 0000000000000000    1    1 0000000000000100       0 0000000000000100 
     525000                                  1 0000000000000001 000000000000011 0000000000000100 0000000000000000 0000000000000000    0    0 0000000000000000       0 0000000000000100 
     535000                                  1 1110100110010000 000000000000100 0000000000000100 0000000000000000 0000000000000001    1    1 0000000000000000       0 0000000000000100 
     545000                                  1 1000111110100000 000000000000101 0000000000000011 0000000000000000 0000000000000001    0    0 0000000000000001       0 0000000000000001 
     555000                                  1 0000000000000010 000000000000110 0000000000000011 0000000000000001 0000000000000001    0    0 0000000000000001       0 0000000000000001 
     565000                                  1 1100011000000001 000000000000111 0000000000000011 0000000000000001 0000000000000010    0    1 0000000000000011       0 0000000000000001 
     575000                                  1 1101010100000000 000000000000010 0000000000000011 0000000000000001 0000000000000010    0    1 0000000000000000       0 0000000000000000 
     585000                                  1 0000000000000001 000000000000011 0000000000000011 0000000000000001 0000000000000010    0    0 0000000000000000       0 0000000000000000 
     595000                                  1 1110100110010000 000000000000100 0000000000000011 0000000000000001 0000000000000001    1    1 0000000000000011       0 0000000000000000 
     605000                                  1 1000111110100000 000000000000101 0000000000000010 0000000000000001 0000000000000001    0    0 0000000000000010       0 0000000000000001 
     615000                                  1 0000000000000010 000000000000110 0000000000000010 0000000000000010 0000000000000001    0    0 0000000000000000       0 0000000000000001 
     625000                                  1 1100011000000001 000000000000111 0000000000000010 0000000000000010 0000000000000010    0    1 0000000000000010       0 0000000000000001 
     635000                                  1 1101010100000000 000000000000010 0000000000000010 0000000000000010 0000000000000010    0    1 0000000000000000       0 0000000000000000 
     645000                                  1 0000000000000001 000000000000011 0000000000000010 0000000000000010 0000000000000010    0    0 0000000000000010       0 0000000000000000 
     655000                                  1 1110100110010000 000000000000100 0000000000000010 0000000000000010 0000000000000001    1    1 0000000000000010       0 0000000000000000 
     665000                                  1 1000111110100000 000000000000101 0000000000000001 0000000000000010 0000000000000001    0    0 0000000000000011       0 0000000000000001 
     675000                                  1 0000000000000010 000000000000110 0000000000000001 0000000000000011 0000000000000001    0    0 0000000000000001       0 0000000000000001 
     685000                                  1 1100011000000001 000000000000111 0000000000000001 0000000000000011 0000000000000010    0    1 0000000000000001       0 0000000000000001 
     695000                                  1 1101010100000000 000000000000010 0000000000000001 0000000000000011 0000000000000010    0    1 0000000000000000       0 0000000000000000 
     705000                                  1 0000000000000001 000000000000011 0000000000000001 0000000000000011 0000000000000010    0    0 0000000000000010       0 0000000000000000 
     715000                                  1 1110100110010000 000000000000100 0000000000000001 0000000000000011 0000000000000001    1    1 0000000000000001       0 0000000000000000 
     725000                                  1 1000111110100000 000000000000101 0000000000000000 0000000000000011 0000000000000001    0    0 0000000000000100       0 0000000000000001 
     735000                                  1 0000000000000010 000000000000110 0000000000000000 0000000000000100 0000000000000001    0    0 0000000000000000       0 0000000000000001 
     745000                                  1 1100011000000001 000000000000111 0000000000000000 0000000000000100 0000000000000010    0    1 0000000000000000       0 0000000000000001 
     755000                                  1 1101010100000000 000000000001000 0000000000000000 0000000000000100 0000000000000010    0    1 0000000000000000       0 0000000000000000 
     765000                                  1 0000000000000010 000000000001001 0000000000000000 0000000000000100 0000000000000010    0    0 0000000000000000       0 0000000000000000 
     775000                                  1 1000011000001000 000000000001010 0000000000000000 0000000000000100 0000000000000010    0    0 0000000000000100       1 0000000000000000 
     785000                                  1 0000000000000000 000000000001011 0000000000000000 0000000000000100 0000000000000010    0    0 0000000000000000       0 0000000000000100 
     795000                                  1 0000000000000000 000000000001100 0000000000000000 0000000000000100 0000000000000000    0    0 0000000000000000       0 0000000000000100 
     805000                                  1 0000000000000000 000000000001101 0000000000000000 0000000000000100 0000000000000000    0    0 0000000000000000       0 0000000000000100 
     815000                                  1 0000000000000000 000000000001110 0000000000000000 0000000000000100 0000000000000000    0    0 0000000000000000       0 0000000000000100 
     825000                                  1 0000000000000000 000000000001111 0000000000000000 0000000000000100 0000000000000000    0    0 0000000000000000       0 0000000000000100 
     835000                                  1 0000000000000000 000000000010000 0000000000000000 0000000000000100 0000000000000000    0    0 0000000000000000       0 0000000000000100 
     845000                                  1 0000000000000000 000000000010001 0000000000000000 0000000000000100 0000000000000000    0    0 0000000000000000       0 0000000000000100 
     855000                                  1 0000000000000000 000000000010010 0000000000000000 0000000000000100 0000000000000000    0    0 0000000000000000       0 0000000000000100 
     865000                                  1 0000000000000000 000000000010011 0000000000000000 0000000000000100 0000000000000000    0    0 0000000000000000       0 0000000000000100 
     875000                                  1 0000000000000000 000000000010100 0000000000000000 0000000000000100 0000000000000000    0    0 0000000000000000       0 0000000000000100 
     885000                                  1 0000000000000000 000000000010101 0000000000000000 0000000000000100 0000000000000000    0    0 0000000000000000       0 0000000000000100 
     895000                                  1 0000000000000000 000000000010110 0000000000000000 0000000000000100 0000000000000000    0    0 0000000000000000       0 0000000000000100 
     905000                                  1 0000000000000000 000000000010111 0000000000000000 0000000000000100 0000000000000000    0    0 0000000000000000       0 0000000000000100 
     915000                                  1 0000000000000000 000000000011000 0000000000000000 0000000000000100 0000000000000000    0    0 0000000000000000       0 0000000000000100 
     925000                                  1 0000000000000000 000000000011001 0000000000000000 0000000000000100 0000000000000000    0    0 0000000000000000       0 0000000000000100 
     935000                                  1 0000000000000000 000000000011010 0000000000000000 0000000000000100 0000000000000000    0    0 0000000000000000       0 0000000000000100 
     945000                                  1 0000000000000000 000000000011011 0000000000000000 0000000000000100 0000000000000000    0    0 0000000000000000       0 0000000000000100 
     955000                                  1 0000000000000000 000000000011100 0000000000000000 0000000000000100 0000000000000000    0    0 0000000000000000       0 0000000000000100 
     965000                                  1 0000000000000000 000000000011101 0000000000000000 0000000000000100 0000000000000000    0    0 0000000000000000       0 0000000000000100 
     975000                                  1 0000000000000000 000000000011110 0000000000000000 0000000000000100 0000000000000000    0    0 0000000000000000       0 0000000000000100 
     985000                                  1 0000000000000000 000000000011111 0000000000000000 0000000000000100 0000000000000000    0    0 0000000000000000       0 0000000000000100 
     995000                                  1 0000000000000000 000000000100000 0000000000000000 0000000000000100 0000000000000000    0    0 0000000000000000       0 0000000000000100 
    1005000                                  1 0000000000000000 000000000100001 0000000000000000 0000000000000100 0000000000000000    0    0 0000000000000000       0 0000000000000100 
