         ps                              clock      instruction           pcout        s_regDout        s_regSout        s_regAout  s_muxALUI_A  s_muxSD_ALU             outM  writeM              inM             
     501000                                  1 0000000000000000 000000000000001 UUUUUUUUUUUUUUUU UUUUUUUUUUUUUUUU 0000000000000000            1            0 0000000000000000       0 0000000000000000 
     601000                                  1 1101100000100000 000000000000010 UUUUUUUUUUUUUUUU UUUUUUUUUUUUUUUU 0000000000000000            0            0 0000000000000000       0 0000000000000000 
     701000                                  1 0000000000000001 000000000000011 UUUUUUUUUUUUUUUU 0000000000000000 0000000000000000            1            0 0000000000000000       0 0000000000000000 
     801000                                  1 1110001110100000 000000000000100 UUUUUUUUUUUUUUUU 0000000000000000 0000000000000001            0            1 UUUUUUUUUUUUUUUU       0 0000000000000000 
     901000                                  1 0000000000000010 000000000000101 UUUUUUUUUUUUUUUU UUUUUUUUUUUUUUUU 0000000000000001            1            0 000000000000000U       0 UUUUUUUUUUUUUUUU 
    1001000                                  1 1010011000001000 000000000000110 UUUUUUUUUUUUUUUU UUUUUUUUUUUUUUUU 0000000000000010            0            1 UUUUUUUUUUUUUUUU       1 000000000000000U 
    1101000                                  1 0000000000000000 000000000000111 UUUUUUUUUUUUUUUU UUUUUUUUUUUUUUUU 0000000000000010            1            0 00000000000000U0       0 UUUUUUUUUUUUUUUU 
    1201000                                  1 0000000000000000 000000000001000 UUUUUUUUUUUUUUUU UUUUUUUUUUUUUUUU 0000000000000000            1            0 0000000000000000       0 00000000000000U0 
    1301000                                  1 0000000000000000 000000000001001 UUUUUUUUUUUUUUUU UUUUUUUUUUUUUUUU 0000000000000000            1            0 0000000000000000       0 0000000000000000 
    1401000                                  1 0000000000000000 000000000001010 UUUUUUUUUUUUUUUU UUUUUUUUUUUUUUUU 0000000000000000            1            0 0000000000000000       0 0000000000000000 
    1501000                                  1 0000000000000000 000000000001011 UUUUUUUUUUUUUUUU UUUUUUUUUUUUUUUU 0000000000000000            1            0 0000000000000000       0 0000000000000000 
    1601000                                  1 0000000000000000 000000000001100 UUUUUUUUUUUUUUUU UUUUUUUUUUUUUUUU 0000000000000000            1            0 0000000000000000       0 0000000000000000 
    1701000                                  1 0000000000000000 000000000001101 UUUUUUUUUUUUUUUU UUUUUUUUUUUUUUUU 0000000000000000            1            0 0000000000000000       0 0000000000000000 
    1801000                                  1 0000000000000000 000000000001110 UUUUUUUUUUUUUUUU UUUUUUUUUUUUUUUU 0000000000000000            1            0 0000000000000000       0 0000000000000000 
    1901000                                  1 0000000000000000 000000000001111 UUUUUUUUUUUUUUUU UUUUUUUUUUUUUUUU 0000000000000000            1            0 0000000000000000       0 0000000000000000 
    2001000                                  1 0000000000000000 000000000010000 UUUUUUUUUUUUUUUU UUUUUUUUUUUUUUUU 0000000000000000            1            0 0000000000000000       0 0000000000000000 
    2101000                                  1 0000000000000000 000000000010001 UUUUUUUUUUUUUUUU UUUUUUUUUUUUUUUU 0000000000000000            1            0 0000000000000000       0 0000000000000000 
    2201000                                  1 0000000000000000 000000000010010 UUUUUUUUUUUUUUUU UUUUUUUUUUUUUUUU 0000000000000000            1            0 0000000000000000       0 0000000000000000 
    2301000                                  1 0000000000000000 000000000010011 UUUUUUUUUUUUUUUU UUUUUUUUUUUUUUUU 0000000000000000            1            0 0000000000000000       0 0000000000000000 
    2401000                                  1 0000000000000000 000000000010100 UUUUUUUUUUUUUUUU UUUUUUUUUUUUUUUU 0000000000000000            1            0 0000000000000000       0 0000000000000000 
    2501000                                  1 0000000000000000 000000000010101 UUUUUUUUUUUUUUUU UUUUUUUUUUUUUUUU 0000000000000000            1            0 0000000000000000       0 0000000000000000 
    2601000                                  1 0000000000000000 000000000010110 UUUUUUUUUUUUUUUU UUUUUUUUUUUUUUUU 0000000000000000            1            0 0000000000000000       0 0000000000000000 
    2701000                                  1 0000000000000000 000000000010111 UUUUUUUUUUUUUUUU UUUUUUUUUUUUUUUU 0000000000000000            1            0 0000000000000000       0 0000000000000000 
    2801000                                  1 0000000000000000 000000000011000 UUUUUUUUUUUUUUUU UUUUUUUUUUUUUUUU 0000000000000000            1            0 0000000000000000       0 0000000000000000 
    2901000                                  1 0000000000000000 000000000011001 UUUUUUUUUUUUUUUU UUUUUUUUUUUUUUUU 0000000000000000            1            0 0000000000000000       0 0000000000000000 
    3001000                                  1 0000000000000000 000000000011010 UUUUUUUUUUUUUUUU UUUUUUUUUUUUUUUU 0000000000000000            1            0 0000000000000000       0 0000000000000000 
    3101000                                  1 0000000000000000 000000000011011 UUUUUUUUUUUUUUUU UUUUUUUUUUUUUUUU 0000000000000000            1            0 0000000000000000       0 0000000000000000 
    3201000                                  1 0000000000000000 000000000011100 UUUUUUUUUUUUUUUU UUUUUUUUUUUUUUUU 0000000000000000            1            0 0000000000000000       0 0000000000000000 
    3301000                                  1 0000000000000000 000000000011101 UUUUUUUUUUUUUUUU UUUUUUUUUUUUUUUU 0000000000000000            1            0 0000000000000000       0 0000000000000000 
    3401000                                  1 0000000000000000 000000000011110 UUUUUUUUUUUUUUUU UUUUUUUUUUUUUUUU 0000000000000000            1            0 0000000000000000       0 0000000000000000 
    3501000                                  1 0000000000000000 000000000011111 UUUUUUUUUUUUUUUU UUUUUUUUUUUUUUUU 0000000000000000            1            0 0000000000000000       0 0000000000000000 
    3601000                                  1 0000000000000000 000000000100000 UUUUUUUUUUUUUUUU UUUUUUUUUUUUUUUU 0000000000000000            1            0 0000000000000000       0 0000000000000000 
    3701000                                  1 0000000000000000 000000000100001 UUUUUUUUUUUUUUUU UUUUUUUUUUUUUUUU 0000000000000000            1            0 0000000000000000       0 0000000000000000 
    3801000                                  1 0000000000000000 000000000100010 UUUUUUUUUUUUUUUU UUUUUUUUUUUUUUUU 0000000000000000            1            0 0000000000000000       0 0000000000000000 
    3901000                                  1 0000000000000000 000000000100011 UUUUUUUUUUUUUUUU UUUUUUUUUUUUUUUU 0000000000000000            1            0 0000000000000000       0 0000000000000000 
    4001000                                  1 0000000000000000 000000000100100 UUUUUUUUUUUUUUUU UUUUUUUUUUUUUUUU 0000000000000000            1            0 0000000000000000       0 0000000000000000 
    4101000                                  1 0000000000000000 000000000100101 UUUUUUUUUUUUUUUU UUUUUUUUUUUUUUUU 0000000000000000            1            0 0000000000000000       0 0000000000000000 
    4201000                                  1 0000000000000000 000000000100110 UUUUUUUUUUUUUUUU UUUUUUUUUUUUUUUU 0000000000000000            1            0 0000000000000000       0 0000000000000000 
    4301000                                  1 0000000000000000 000000000100111 UUUUUUUUUUUUUUUU UUUUUUUUUUUUUUUU 0000000000000000            1            0 0000000000000000       0 0000000000000000 
    4401000                                  1 0000000000000000 000000000101000 UUUUUUUUUUUUUUUU UUUUUUUUUUUUUUUU 0000000000000000            1            0 0000000000000000       0 0000000000000000 
    4501000                                  1 0000000000000000 000000000101001 UUUUUUUUUUUUUUUU UUUUUUUUUUUUUUUU 0000000000000000            1            0 0000000000000000       0 0000000000000000 
    4601000                                  1 0000000000000000 000000000101010 UUUUUUUUUUUUUUUU UUUUUUUUUUUUUUUU 0000000000000000            1            0 0000000000000000       0 0000000000000000 
    4701000                                  1 0000000000000000 000000000101011 UUUUUUUUUUUUUUUU UUUUUUUUUUUUUUUU 0000000000000000            1            0 0000000000000000       0 0000000000000000 
    4801000                                  1 0000000000000000 000000000101100 UUUUUUUUUUUUUUUU UUUUUUUUUUUUUUUU 0000000000000000            1            0 0000000000000000       0 0000000000000000 
    4901000                                  1 0000000000000000 000000000101101 UUUUUUUUUUUUUUUU UUUUUUUUUUUUUUUU 0000000000000000            1            0 0000000000000000       0 0000000000000000 
    5001000                                  1 0000000000000000 000000000101110 UUUUUUUUUUUUUUUU UUUUUUUUUUUUUUUU 0000000000000000            1            0 0000000000000000       0 0000000000000000 
    5101000                                  1 0000000000000000 000000000101111 UUUUUUUUUUUUUUUU UUUUUUUUUUUUUUUU 0000000000000000            1            0 0000000000000000       0 0000000000000000 
    5201000                                  1 0000000000000000 000000000110000 UUUUUUUUUUUUUUUU UUUUUUUUUUUUUUUU 0000000000000000            1            0 0000000000000000       0 0000000000000000 
    5301000                                  1 0000000000000000 000000000110001 UUUUUUUUUUUUUUUU UUUUUUUUUUUUUUUU 0000000000000000            1            0 0000000000000000       0 0000000000000000 
    5401000                                  1 0000000000000000 000000000110010 UUUUUUUUUUUUUUUU UUUUUUUUUUUUUUUU 0000000000000000            1            0 0000000000000000       0 0000000000000000 
    5501000                                  1 0000000000000000 000000000110011 UUUUUUUUUUUUUUUU UUUUUUUUUUUUUUUU 0000000000000000            1            0 0000000000000000       0 0000000000000000 
    5601000                                  1 0000000000000000 000000000110100 UUUUUUUUUUUUUUUU UUUUUUUUUUUUUUUU 0000000000000000            1            0 0000000000000000       0 0000000000000000 
    5701000                                  1 0000000000000000 000000000110101 UUUUUUUUUUUUUUUU UUUUUUUUUUUUUUUU 0000000000000000            1            0 0000000000000000       0 0000000000000000 
    5801000                                  1 0000000000000000 000000000110110 UUUUUUUUUUUUUUUU UUUUUUUUUUUUUUUU 0000000000000000            1            0 0000000000000000       0 0000000000000000 
    5901000                                  1 0000000000000000 000000000110111 UUUUUUUUUUUUUUUU UUUUUUUUUUUUUUUU 0000000000000000            1            0 0000000000000000       0 0000000000000000 
    6001000                                  1 0000000000000000 000000000111000 UUUUUUUUUUUUUUUU UUUUUUUUUUUUUUUU 0000000000000000            1            0 0000000000000000       0 0000000000000000 
    6101000                                  1 0000000000000000 000000000111001 UUUUUUUUUUUUUUUU UUUUUUUUUUUUUUUU 0000000000000000            1            0 0000000000000000       0 0000000000000000 
    6201000                                  1 0000000000000000 000000000111010 UUUUUUUUUUUUUUUU UUUUUUUUUUUUUUUU 0000000000000000            1            0 0000000000000000       0 0000000000000000 
    6301000                                  1 0000000000000000 000000000111011 UUUUUUUUUUUUUUUU UUUUUUUUUUUUUUUU 0000000000000000            1            0 0000000000000000       0 0000000000000000 
    6401000                                  1 0000000000000000 000000000111100 UUUUUUUUUUUUUUUU UUUUUUUUUUUUUUUU 0000000000000000            1            0 0000000000000000       0 0000000000000000 
    6501000                                  1 0000000000000000 000000000111101 UUUUUUUUUUUUUUUU UUUUUUUUUUUUUUUU 0000000000000000            1            0 0000000000000000       0 0000000000000000 
    6601000                                  1 0000000000000000 000000000111110 UUUUUUUUUUUUUUUU UUUUUUUUUUUUUUUU 0000000000000000            1            0 0000000000000000       0 0000000000000000 
    6701000                                  1 0000000000000000 000000000111111 UUUUUUUUUUUUUUUU UUUUUUUUUUUUUUUU 0000000000000000            1            0 0000000000000000       0 0000000000000000 
    6801000                                  1 0000000000000000 000000001000000 UUUUUUUUUUUUUUUU UUUUUUUUUUUUUUUU 0000000000000000            1            0 0000000000000000       0 0000000000000000 
    6901000                                  1 0000000000000000 000000001000001 UUUUUUUUUUUUUUUU UUUUUUUUUUUUUUUU 0000000000000000            1            0 0000000000000000       0 0000000000000000 
    7001000                                  1 0000000000000000 000000001000010 UUUUUUUUUUUUUUUU UUUUUUUUUUUUUUUU 0000000000000000            1            0 0000000000000000       0 0000000000000000 
    7101000                                  1 0000000000000000 000000001000011 UUUUUUUUUUUUUUUU UUUUUUUUUUUUUUUU 0000000000000000            1            0 0000000000000000       0 0000000000000000 
    7201000                                  1 0000000000000000 000000001000100 UUUUUUUUUUUUUUUU UUUUUUUUUUUUUUUU 0000000000000000            1            0 0000000000000000       0 0000000000000000 
    7301000                                  1 0000000000000000 000000001000101 UUUUUUUUUUUUUUUU UUUUUUUUUUUUUUUU 0000000000000000            1            0 0000000000000000       0 0000000000000000 
    7401000                                  1 0000000000000000 000000001000110 UUUUUUUUUUUUUUUU UUUUUUUUUUUUUUUU 0000000000000000            1            0 0000000000000000       0 0000000000000000 
    7501000                                  1 0000000000000000 000000001000111 UUUUUUUUUUUUUUUU UUUUUUUUUUUUUUUU 0000000000000000            1            0 0000000000000000       0 0000000000000000 
    7601000                                  1 0000000000000000 000000001001000 UUUUUUUUUUUUUUUU UUUUUUUUUUUUUUUU 0000000000000000            1            0 0000000000000000       0 0000000000000000 
    7701000                                  1 0000000000000000 000000001001001 UUUUUUUUUUUUUUUU UUUUUUUUUUUUUUUU 0000000000000000            1            0 0000000000000000       0 0000000000000000 
    7801000                                  1 0000000000000000 000000001001010 UUUUUUUUUUUUUUUU UUUUUUUUUUUUUUUU 0000000000000000            1            0 0000000000000000       0 0000000000000000 
    7901000                                  1 0000000000000000 000000001001011 UUUUUUUUUUUUUUUU UUUUUUUUUUUUUUUU 0000000000000000            1            0 0000000000000000       0 0000000000000000 
    8001000                                  1 0000000000000000 000000001001100 UUUUUUUUUUUUUUUU UUUUUUUUUUUUUUUU 0000000000000000            1            0 0000000000000000       0 0000000000000000 
    8101000                                  1 0000000000000000 000000001001101 UUUUUUUUUUUUUUUU UUUUUUUUUUUUUUUU 0000000000000000            1            0 0000000000000000       0 0000000000000000 
    8201000                                  1 0000000000000000 000000001001110 UUUUUUUUUUUUUUUU UUUUUUUUUUUUUUUU 0000000000000000            1            0 0000000000000000       0 0000000000000000 
    8301000                                  1 0000000000000000 000000001001111 UUUUUUUUUUUUUUUU UUUUUUUUUUUUUUUU 0000000000000000            1            0 0000000000000000       0 0000000000000000 
    8401000                                  1 0000000000000000 000000001010000 UUUUUUUUUUUUUUUU UUUUUUUUUUUUUUUU 0000000000000000            1            0 0000000000000000       0 0000000000000000 
    8501000                                  1 0000000000000000 000000001010001 UUUUUUUUUUUUUUUU UUUUUUUUUUUUUUUU 0000000000000000            1            0 0000000000000000       0 0000000000000000 
    8601000                                  1 0000000000000000 000000001010010 UUUUUUUUUUUUUUUU UUUUUUUUUUUUUUUU 0000000000000000            1            0 0000000000000000       0 0000000000000000 
    8701000                                  1 0000000000000000 000000001010011 UUUUUUUUUUUUUUUU UUUUUUUUUUUUUUUU 0000000000000000            1            0 0000000000000000       0 0000000000000000 
    8801000                                  1 0000000000000000 000000001010100 UUUUUUUUUUUUUUUU UUUUUUUUUUUUUUUU 0000000000000000            1            0 0000000000000000       0 0000000000000000 
    8901000                                  1 0000000000000000 000000001010101 UUUUUUUUUUUUUUUU UUUUUUUUUUUUUUUU 0000000000000000            1            0 0000000000000000       0 0000000000000000 
    9001000                                  1 0000000000000000 000000001010110 UUUUUUUUUUUUUUUU UUUUUUUUUUUUUUUU 0000000000000000            1            0 0000000000000000       0 0000000000000000 
    9101000                                  1 0000000000000000 000000001010111 UUUUUUUUUUUUUUUU UUUUUUUUUUUUUUUU 0000000000000000            1            0 0000000000000000       0 0000000000000000 
    9201000                                  1 0000000000000000 000000001011000 UUUUUUUUUUUUUUUU UUUUUUUUUUUUUUUU 0000000000000000            1            0 0000000000000000       0 0000000000000000 
    9301000                                  1 0000000000000000 000000001011001 UUUUUUUUUUUUUUUU UUUUUUUUUUUUUUUU 0000000000000000            1            0 0000000000000000       0 0000000000000000 
    9401000                                  1 0000000000000000 000000001011010 UUUUUUUUUUUUUUUU UUUUUUUUUUUUUUUU 0000000000000000            1            0 0000000000000000       0 0000000000000000 
    9501000                                  1 0000000000000000 000000001011011 UUUUUUUUUUUUUUUU UUUUUUUUUUUUUUUU 0000000000000000            1            0 0000000000000000       0 0000000000000000 
    9601000                                  1 0000000000000000 000000001011100 UUUUUUUUUUUUUUUU UUUUUUUUUUUUUUUU 0000000000000000            1            0 0000000000000000       0 0000000000000000 
    9701000                                  1 0000000000000000 000000001011101 UUUUUUUUUUUUUUUU UUUUUUUUUUUUUUUU 0000000000000000            1            0 0000000000000000       0 0000000000000000 
    9801000                                  1 0000000000000000 000000001011110 UUUUUUUUUUUUUUUU UUUUUUUUUUUUUUUU 0000000000000000            1            0 0000000000000000       0 0000000000000000 
    9901000                                  1 0000000000000000 000000001011111 UUUUUUUUUUUUUUUU UUUUUUUUUUUUUUUU 0000000000000000            1            0 0000000000000000       0 0000000000000000 
