         ps                              clock      instruction           pcout        s_regDout        s_regSout        s_regAout  s_muxALUI_A  s_muxSD_ALU             outM  writeM              inM             
       4500                                  1 0000000000000000 000000000000001 0000000000000000 0000000000000000 0000000000000000            1            1 0000000000000000       0 0000000100000010 
       5500                                  1 1101100000010000 000000000000010 0000000000000000 0000000000000000 0000000000000000            0            1 0000000100000010       0 0000000100000010 
       6500                                  1 1000011100010000 000000000000011 0000000100000010 0000000000000000 0000000000000000            0            1 0000000100000001       0 0000000100000010 
       7500                                  1 1000011000001000 000000000000100 0000000100000001 0000000000000000 0000000000000000            0            1 0000000100000001       1 0000000100000010 
       8500                                  1 1101100001000000 000000000000101 0000000100000001 0000000000000000 0000000000000000            0            1 0000000100000001       0 0000000100000001 
       9500                                  1 1101100000010000 000000000000110 0000000100000001 0000000000000000 0000000100000001            0            1 0000000100000001       0 0000000100000001 
      10500                                  1 0000000000000000 000000000000111 0000000000000011 0000000000000000 0000000100000001            1            1 0000000000000001       0 0000000000000011 
      11500                                  1 1101100101000000 000000000001000 0000000000000011 0000000000000000 0000000000000000            0            1 0000000000000010       0 0000000000000011 
      12500                                  1 1100001110010000 000000000001001 0000000000000011 0000000000000000 0000000100000000            0            1 0000000011111110       0 0000000100000001 
      13500                                  1 0000000000010010 000000000001010 0000000000000000 0000000000000000 0000000100000000            1            1 0000000000000000       0 0000000000000011 
      14500                                  1 1000011000000001 000000000001011 0000000000000000 0000000000000000 0000000000010010            0            1 0000000000000000       0 0000000000000011 
      15500                                  1 1001010100000000 000000000001100 0000000000000000 0000000000000000 0000000000010010            0            1 0000000000000000       0 0000000000000000 
      16500                                  1 0000000000000000 000000000001101 0000000000000000 0000000000000000 0000000000010010            1            1 0000000000000000       0 0000000000000000 
      17500                                  1 1101100101000000 000000000001110 0000000000000000 0000000000000000 0000000000000000            0            1 1111111111111111       0 0000000000000000 
      18500                                  1 1001010100001000 000000000001111 0000000000000000 0000000000000000 0000000100000000            0            1 0000000000000000       1 0000000100000001 
      19500                                  1 0000000000010101 000000000010000 0000000000000000 0000000000000000 0000000100000000            1            1 0000000000000000       0 0000000000000000 
      20500                                  1 1000011000000111 000000000010001 0000000000000000 0000000000000000 0000000000010101            0            1 0000000000000000       0 0000000000000000 
      21500                                  1 1001010100000000 000000000010101 0000000000000000 0000000000000000 0000000000010101            0            1 0000000000000000       0 0000000000000000 
      22500                                  1 0000000000000000 000000000010110 0000000000000000 0000000000000000 0000000000010101            1            1 0000000000000000       0 0000000000000000 
      23500                                  1 0000000000000000 000000000010111 0000000000000000 0000000000000000 0000000000000000            1            1 0000000000000000       0 0000000000000000 
      24500                                  1 0000000000000000 000000000011000 0000000000000000 0000000000000000 0000000000000000            1            1 0000000000000000       0 0000000100000001 
      25500                                  1 0000000000000000 000000000011001 0000000000000000 0000000000000000 0000000000000000            1            1 0000000000000000       0 0000000100000001 
      26500                                  1 0000000000000000 000000000011010 0000000000000000 0000000000000000 0000000000000000            1            1 0000000000000000       0 0000000100000001 
      27500                                  1 0000000000000000 000000000011011 0000000000000000 0000000000000000 0000000000000000            1            1 0000000000000000       0 0000000100000001 
      28500                                  1 0000000000000000 000000000011100 0000000000000000 0000000000000000 0000000000000000            1            1 0000000000000000       0 0000000100000001 
      29500                                  1 0000000000000000 000000000011101 0000000000000000 0000000000000000 0000000000000000            1            1 0000000000000000       0 0000000100000001 
      30500                                  1 0000000000000000 000000000011110 0000000000000000 0000000000000000 0000000000000000            1            1 0000000000000000       0 0000000100000001 
      31500                                  1 0000000000000000 000000000011111 0000000000000000 0000000000000000 0000000000000000            1            1 0000000000000000       0 0000000100000001 
      32500                                  1 0000000000000000 000000000100000 0000000000000000 0000000000000000 0000000000000000            1            1 0000000000000000       0 0000000100000001 
      33500                                  1 0000000000000000 000000000100001 0000000000000000 0000000000000000 0000000000000000            1            1 0000000000000000       0 0000000100000001 
      34500                                  1 0000000000000000 000000000100010 0000000000000000 0000000000000000 0000000000000000            1            1 0000000000000000       0 0000000100000001 
      35500                                  1 0000000000000000 000000000100011 0000000000000000 0000000000000000 0000000000000000            1            1 0000000000000000       0 0000000100000001 
      36500                                  1 0000000000000000 000000000100100 0000000000000000 0000000000000000 0000000000000000            1            1 0000000000000000       0 0000000100000001 
      37500                                  1 0000000000000000 000000000100101 0000000000000000 0000000000000000 0000000000000000            1            1 0000000000000000       0 0000000100000001 
      38500                                  1 0000000000000000 000000000100110 0000000000000000 0000000000000000 0000000000000000            1            1 0000000000000000       0 0000000100000001 
      39500                                  1 0000000000000000 000000000100111 0000000000000000 0000000000000000 0000000000000000            1            1 0000000000000000       0 0000000100000001 
      40500                                  1 0000000000000000 000000000101000 0000000000000000 0000000000000000 0000000000000000            1            1 0000000000000000       0 0000000100000001 
      41500                                  1 0000000000000000 000000000101001 0000000000000000 0000000000000000 0000000000000000            1            1 0000000000000000       0 0000000100000001 
      42500                                  1 0000000000000000 000000000101010 0000000000000000 0000000000000000 0000000000000000            1            1 0000000000000000       0 0000000100000001 
      43500                                  1 0000000000000000 000000000101011 0000000000000000 0000000000000000 0000000000000000            1            1 0000000000000000       0 0000000100000001 
      44500                                  1 0000000000000000 000000000101100 0000000000000000 0000000000000000 0000000000000000            1            1 0000000000000000       0 0000000100000001 
      45500                                  1 0000000000000000 000000000101101 0000000000000000 0000000000000000 0000000000000000            1            1 0000000000000000       0 0000000100000001 
      46500                                  1 0000000000000000 000000000101110 0000000000000000 0000000000000000 0000000000000000            1            1 0000000000000000       0 0000000100000001 
      47500                                  1 0000000000000000 000000000101111 0000000000000000 0000000000000000 0000000000000000            1            1 0000000000000000       0 0000000100000001 
      48500                                  1 0000000000000000 000000000110000 0000000000000000 0000000000000000 0000000000000000            1            1 0000000000000000       0 0000000100000001 
      49500                                  1 0000000000000000 000000000110001 0000000000000000 0000000000000000 0000000000000000            1            1 0000000000000000       0 0000000100000001 
      50500                                  1 0000000000000000 000000000110010 0000000000000000 0000000000000000 0000000000000000            1            1 0000000000000000       0 0000000100000001 
      51500                                  1 0000000000000000 000000000110011 0000000000000000 0000000000000000 0000000000000000            1            1 0000000000000000       0 0000000100000001 
      52500                                  1 0000000000000000 000000000110100 0000000000000000 0000000000000000 0000000000000000            1            1 0000000000000000       0 0000000100000001 
      53500                                  1 0000000000000000 000000000110101 0000000000000000 0000000000000000 0000000000000000            1            1 0000000000000000       0 0000000100000001 
      54500                                  1 0000000000000000 000000000110110 0000000000000000 0000000000000000 0000000000000000            1            1 0000000000000000       0 0000000100000001 
      55500                                  1 0000000000000000 000000000110111 0000000000000000 0000000000000000 0000000000000000            1            1 0000000000000000       0 0000000100000001 
      56500                                  1 0000000000000000 000000000111000 0000000000000000 0000000000000000 0000000000000000            1            1 0000000000000000       0 0000000100000001 
      57500                                  1 0000000000000000 000000000111001 0000000000000000 0000000000000000 0000000000000000            1            1 0000000000000000       0 0000000100000001 
      58500                                  1 0000000000000000 000000000111010 0000000000000000 0000000000000000 0000000000000000            1            1 0000000000000000       0 0000000100000001 
      59500                                  1 0000000000000000 000000000111011 0000000000000000 0000000000000000 0000000000000000            1            1 0000000000000000       0 0000000100000001 
      60500                                  1 0000000000000000 000000000111100 0000000000000000 0000000000000000 0000000000000000            1            1 0000000000000000       0 0000000100000001 
      61500                                  1 0000000000000000 000000000111101 0000000000000000 0000000000000000 0000000000000000            1            1 0000000000000000       0 0000000100000001 
      62500                                  1 0000000000000000 000000000111110 0000000000000000 0000000000000000 0000000000000000            1            1 0000000000000000       0 0000000100000001 
      63500                                  1 0000000000000000 000000000111111 0000000000000000 0000000000000000 0000000000000000            1            1 0000000000000000       0 0000000100000001 
      64500                                  1 0000000000000000 000000001000000 0000000000000000 0000000000000000 0000000000000000            1            1 0000000000000000       0 0000000100000001 
      65500                                  1 0000000000000000 000000001000001 0000000000000000 0000000000000000 0000000000000000            1            1 0000000000000000       0 0000000100000001 
      66500                                  1 0000000000000000 000000001000010 0000000000000000 0000000000000000 0000000000000000            1            1 0000000000000000       0 0000000100000001 
      67500                                  1 0000000000000000 000000001000011 0000000000000000 0000000000000000 0000000000000000            1            1 0000000000000000       0 0000000100000001 
      68500                                  1 0000000000000000 000000001000100 0000000000000000 0000000000000000 0000000000000000            1            1 0000000000000000       0 0000000100000001 
      69500                                  1 0000000000000000 000000001000101 0000000000000000 0000000000000000 0000000000000000            1            1 0000000000000000       0 0000000100000001 
      70500                                  1 0000000000000000 000000001000110 0000000000000000 0000000000000000 0000000000000000            1            1 0000000000000000       0 0000000100000001 
      71500                                  1 0000000000000000 000000001000111 0000000000000000 0000000000000000 0000000000000000            1            1 0000000000000000       0 0000000100000001 
      72500                                  1 0000000000000000 000000001001000 0000000000000000 0000000000000000 0000000000000000            1            1 0000000000000000       0 0000000100000001 
      73500                                  1 0000000000000000 000000001001001 0000000000000000 0000000000000000 0000000000000000            1            1 0000000000000000       0 0000000100000001 
      74500                                  1 0000000000000000 000000001001010 0000000000000000 0000000000000000 0000000000000000            1            1 0000000000000000       0 0000000100000001 
      75500                                  1 0000000000000000 000000001001011 0000000000000000 0000000000000000 0000000000000000            1            1 0000000000000000       0 0000000100000001 
      76500                                  1 0000000000000000 000000001001100 0000000000000000 0000000000000000 0000000000000000            1            1 0000000000000000       0 0000000100000001 
      77500                                  1 0000000000000000 000000001001101 0000000000000000 0000000000000000 0000000000000000            1            1 0000000000000000       0 0000000100000001 
      78500                                  1 0000000000000000 000000001001110 0000000000000000 0000000000000000 0000000000000000            1            1 0000000000000000       0 0000000100000001 
      79500                                  1 0000000000000000 000000001001111 0000000000000000 0000000000000000 0000000000000000            1            1 0000000000000000       0 0000000100000001 
      80500                                  1 0000000000000000 000000001010000 0000000000000000 0000000000000000 0000000000000000            1            1 0000000000000000       0 0000000100000001 
      81500                                  1 0000000000000000 000000001010001 0000000000000000 0000000000000000 0000000000000000            1            1 0000000000000000       0 0000000100000001 
      82500                                  1 0000000000000000 000000001010010 0000000000000000 0000000000000000 0000000000000000            1            1 0000000000000000       0 0000000100000001 
      83500                                  1 0000000000000000 000000001010011 0000000000000000 0000000000000000 0000000000000000            1            1 0000000000000000       0 0000000100000001 
      84500                                  1 0000000000000000 000000001010100 0000000000000000 0000000000000000 0000000000000000            1            1 0000000000000000       0 0000000100000001 
      85500                                  1 0000000000000000 000000001010101 0000000000000000 0000000000000000 0000000000000000            1            1 0000000000000000       0 0000000100000001 
      86500                                  1 0000000000000000 000000001010110 0000000000000000 0000000000000000 0000000000000000            1            1 0000000000000000       0 0000000100000001 
      87500                                  1 0000000000000000 000000001010111 0000000000000000 0000000000000000 0000000000000000            1            1 0000000000000000       0 0000000100000001 
      88500                                  1 0000000000000000 000000001011000 0000000000000000 0000000000000000 0000000000000000            1            1 0000000000000000       0 0000000100000001 
      89500                                  1 0000000000000000 000000001011001 0000000000000000 0000000000000000 0000000000000000            1            1 0000000000000000       0 0000000100000001 
      90500                                  1 0000000000000000 000000001011010 0000000000000000 0000000000000000 0000000000000000            1            1 0000000000000000       0 0000000100000001 
      91500                                  1 0000000000000000 000000001011011 0000000000000000 0000000000000000 0000000000000000            1            1 0000000000000000       0 0000000100000001 
      92500                                  1 0000000000000000 000000001011100 0000000000000000 0000000000000000 0000000000000000            1            1 0000000000000000       0 0000000100000001 
      93500                                  1 0000000000000000 000000001011101 0000000000000000 0000000000000000 0000000000000000            1            1 0000000000000000       0 0000000100000001 
      94500                                  1 0000000000000000 000000001011110 0000000000000000 0000000000000000 0000000000000000            1            1 0000000000000000       0 0000000100000001 
      95500                                  1 0000000000000000 000000001011111 0000000000000000 0000000000000000 0000000000000000            1            1 0000000000000000       0 0000000100000001 
      96500                                  1 0000000000000000 000000001100000 0000000000000000 0000000000000000 0000000000000000            1            1 0000000000000000       0 0000000100000001 
      97500                                  1 0000000000000000 000000001100001 0000000000000000 0000000000000000 0000000000000000            1            1 0000000000000000       0 0000000100000001 
      98500                                  1 0000000000000000 000000001100010 0000000000000000 0000000000000000 0000000000000000            1            1 0000000000000000       0 0000000100000001 
      99500                                  1 0000000000000000 000000001100011 0000000000000000 0000000000000000 0000000000000000            1            1 0000000000000000       0 0000000100000001 
     100500                                  1 0000000000000000 000000001100100 0000000000000000 0000000000000000 0000000000000000            1            1 0000000000000000       0 0000000100000001 
     101500                                  1 0000000000000000 000000001100101 0000000000000000 0000000000000000 0000000000000000            1            1 0000000000000000       0 0000000100000001 
     102500                                  1 0000000000000000 000000001100110 0000000000000000 0000000000000000 0000000000000000            1            1 0000000000000000       0 0000000100000001 
     103500                                  1 0000000000000000 000000001100111 0000000000000000 0000000000000000 0000000000000000            1            1 0000000000000000       0 0000000100000001 
     104500                                  1 0000000000000000 000000001101000 0000000000000000 0000000000000000 0000000000000000            1            1 0000000000000000       0 0000000100000001 
     105500                                  1 0000000000000000 000000001101001 0000000000000000 0000000000000000 0000000000000000            1            1 0000000000000000       0 0000000100000001 
     106500                                  1 0000000000000000 000000001101010 0000000000000000 0000000000000000 0000000000000000            1            1 0000000000000000       0 0000000100000001 
     107500                                  1 0000000000000000 000000001101011 0000000000000000 0000000000000000 0000000000000000            1            1 0000000000000000       0 0000000100000001 
     108500                                  1 0000000000000000 000000001101100 0000000000000000 0000000000000000 0000000000000000            1            1 0000000000000000       0 0000000100000001 
     109500                                  1 0000000000000000 000000001101101 0000000000000000 0000000000000000 0000000000000000            1            1 0000000000000000       0 0000000100000001 
     110500                                  1 0000000000000000 000000001101110 0000000000000000 0000000000000000 0000000000000000            1            1 0000000000000000       0 0000000100000001 
     111500                                  1 0000000000000000 000000001101111 0000000000000000 0000000000000000 0000000000000000            1            1 0000000000000000       0 0000000100000001 
     112500                                  1 0000000000000000 000000001110000 0000000000000000 0000000000000000 0000000000000000            1            1 0000000000000000       0 0000000100000001 
     113500                                  1 0000000000000000 000000001110001 0000000000000000 0000000000000000 0000000000000000            1            1 0000000000000000       0 0000000100000001 
     114500                                  1 0000000000000000 000000001110010 0000000000000000 0000000000000000 0000000000000000            1            1 0000000000000000       0 0000000100000001 
     115500                                  1 0000000000000000 000000001110011 0000000000000000 0000000000000000 0000000000000000            1            1 0000000000000000       0 0000000100000001 
     116500                                  1 0000000000000000 000000001110100 0000000000000000 0000000000000000 0000000000000000            1            1 0000000000000000       0 0000000100000001 
     117500                                  1 0000000000000000 000000001110101 0000000000000000 0000000000000000 0000000000000000            1            1 0000000000000000       0 0000000100000001 
     118500                                  1 0000000000000000 000000001110110 0000000000000000 0000000000000000 0000000000000000            1            1 0000000000000000       0 0000000100000001 
     119500                                  1 0000000000000000 000000001110111 0000000000000000 0000000000000000 0000000000000000            1            1 0000000000000000       0 0000000100000001 
     120500                                  1 0000000000000000 000000001111000 0000000000000000 0000000000000000 0000000000000000            1            1 0000000000000000       0 0000000100000001 
     121500                                  1 0000000000000000 000000001111001 0000000000000000 0000000000000000 0000000000000000            1            1 0000000000000000       0 0000000100000001 
     122500                                  1 0000000000000000 000000001111010 0000000000000000 0000000000000000 0000000000000000            1            1 0000000000000000       0 0000000100000001 
     123500                                  1 0000000000000000 000000001111011 0000000000000000 0000000000000000 0000000000000000            1            1 0000000000000000       0 0000000100000001 
     124500                                  1 0000000000000000 000000001111100 0000000000000000 0000000000000000 0000000000000000            1            1 0000000000000000       0 0000000100000001 
     125500                                  1 0000000000000000 000000001111101 0000000000000000 0000000000000000 0000000000000000            1            1 0000000000000000       0 0000000100000001 
     126500                                  1 0000000000000000 000000001111110 0000000000000000 0000000000000000 0000000000000000            1            1 0000000000000000       0 0000000100000001 
     127500                                  1 0000000000000000 000000001111111 0000000000000000 0000000000000000 0000000000000000            1            1 0000000000000000       0 0000000100000001 
     128500                                  1 0000000000000000 000000010000000 0000000000000000 0000000000000000 0000000000000000            1            1 0000000000000000       0 0000000100000001 
     129500                                  1 0000000000000000 000000010000001 0000000000000000 0000000000000000 0000000000000000            1            1 0000000000000000       0 0000000100000001 
     130500                                  1 0000000000000000 000000010000010 0000000000000000 0000000000000000 0000000000000000            1            1 0000000000000000       0 0000000100000001 
     131500                                  1 0000000000000000 000000010000011 0000000000000000 0000000000000000 0000000000000000            1            1 0000000000000000       0 0000000100000001 
     132500                                  1 0000000000000000 000000010000100 0000000000000000 0000000000000000 0000000000000000            1            1 0000000000000000       0 0000000100000001 
     133500                                  1 0000000000000000 000000010000101 0000000000000000 0000000000000000 0000000000000000            1            1 0000000000000000       0 0000000100000001 
     134500                                  1 0000000000000000 000000010000110 0000000000000000 0000000000000000 0000000000000000            1            1 0000000000000000       0 0000000100000001 
     135500                                  1 0000000000000000 000000010000111 0000000000000000 0000000000000000 0000000000000000            1            1 0000000000000000       0 0000000100000001 
     136500                                  1 0000000000000000 000000010001000 0000000000000000 0000000000000000 0000000000000000            1            1 0000000000000000       0 0000000100000001 
     137500                                  1 0000000000000000 000000010001001 0000000000000000 0000000000000000 0000000000000000            1            1 0000000000000000       0 0000000100000001 
     138500                                  1 0000000000000000 000000010001010 0000000000000000 0000000000000000 0000000000000000            1            1 0000000000000000       0 0000000100000001 
     139500                                  1 0000000000000000 000000010001011 0000000000000000 0000000000000000 0000000000000000            1            1 0000000000000000       0 0000000100000001 
     140500                                  1 0000000000000000 000000010001100 0000000000000000 0000000000000000 0000000000000000            1            1 0000000000000000       0 0000000100000001 
     141500                                  1 0000000000000000 000000010001101 0000000000000000 0000000000000000 0000000000000000            1            1 0000000000000000       0 0000000100000001 
     142500                                  1 0000000000000000 000000010001110 0000000000000000 0000000000000000 0000000000000000            1            1 0000000000000000       0 0000000100000001 
     143500                                  1 0000000000000000 000000010001111 0000000000000000 0000000000000000 0000000000000000            1            1 0000000000000000       0 0000000100000001 
     144500                                  1 0000000000000000 000000010010000 0000000000000000 0000000000000000 0000000000000000            1            1 0000000000000000       0 0000000100000001 
     145500                                  1 0000000000000000 000000010010001 0000000000000000 0000000000000000 0000000000000000            1            1 0000000000000000       0 0000000100000001 
     146500                                  1 0000000000000000 000000010010010 0000000000000000 0000000000000000 0000000000000000            1            1 0000000000000000       0 0000000100000001 
     147500                                  1 0000000000000000 000000010010011 0000000000000000 0000000000000000 0000000000000000            1            1 0000000000000000       0 0000000100000001 
     148500                                  1 0000000000000000 000000010010100 0000000000000000 0000000000000000 0000000000000000            1            1 0000000000000000       0 0000000100000001 
     149500                                  1 0000000000000000 000000010010101 0000000000000000 0000000000000000 0000000000000000            1            1 0000000000000000       0 0000000100000001 
     150500                                  1 0000000000000000 000000010010110 0000000000000000 0000000000000000 0000000000000000            1            1 0000000000000000       0 0000000100000001 
     151500                                  1 0000000000000000 000000010010111 0000000000000000 0000000000000000 0000000000000000            1            1 0000000000000000       0 0000000100000001 
     152500                                  1 0000000000000000 000000010011000 0000000000000000 0000000000000000 0000000000000000            1            1 0000000000000000       0 0000000100000001 
     153500                                  1 0000000000000000 000000010011001 0000000000000000 0000000000000000 0000000000000000            1            1 0000000000000000       0 0000000100000001 
     154500                                  1 0000000000000000 000000010011010 0000000000000000 0000000000000000 0000000000000000            1            1 0000000000000000       0 0000000100000001 
     155500                                  1 0000000000000000 000000010011011 0000000000000000 0000000000000000 0000000000000000            1            1 0000000000000000       0 0000000100000001 
     156500                                  1 0000000000000000 000000010011100 0000000000000000 0000000000000000 0000000000000000            1            1 0000000000000000       0 0000000100000001 
     157500                                  1 0000000000000000 000000010011101 0000000000000000 0000000000000000 0000000000000000            1            1 0000000000000000       0 0000000100000001 
     158500                                  1 0000000000000000 000000010011110 0000000000000000 0000000000000000 0000000000000000            1            1 0000000000000000       0 0000000100000001 
     159500                                  1 0000000000000000 000000010011111 0000000000000000 0000000000000000 0000000000000000            1            1 0000000000000000       0 0000000100000001 
     160500                                  1 0000000000000000 000000010100000 0000000000000000 0000000000000000 0000000000000000            1            1 0000000000000000       0 0000000100000001 
     161500                                  1 0000000000000000 000000010100001 0000000000000000 0000000000000000 0000000000000000            1            1 0000000000000000       0 0000000100000001 
     162500                                  1 0000000000000000 000000010100010 0000000000000000 0000000000000000 0000000000000000            1            1 0000000000000000       0 0000000100000001 
     163500                                  1 0000000000000000 000000010100011 0000000000000000 0000000000000000 0000000000000000            1            1 0000000000000000       0 0000000100000001 
     164500                                  1 0000000000000000 000000010100100 0000000000000000 0000000000000000 0000000000000000            1            1 0000000000000000       0 0000000100000001 
     165500                                  1 0000000000000000 000000010100101 0000000000000000 0000000000000000 0000000000000000            1            1 0000000000000000       0 0000000100000001 
     166500                                  1 0000000000000000 000000010100110 0000000000000000 0000000000000000 0000000000000000            1            1 0000000000000000       0 0000000100000001 
     167500                                  1 0000000000000000 000000010100111 0000000000000000 0000000000000000 0000000000000000            1            1 0000000000000000       0 0000000100000001 
     168500                                  1 0000000000000000 000000010101000 0000000000000000 0000000000000000 0000000000000000            1            1 0000000000000000       0 0000000100000001 
     169500                                  1 0000000000000000 000000010101001 0000000000000000 0000000000000000 0000000000000000            1            1 0000000000000000       0 0000000100000001 
     170500                                  1 0000000000000000 000000010101010 0000000000000000 0000000000000000 0000000000000000            1            1 0000000000000000       0 0000000100000001 
     171500                                  1 0000000000000000 000000010101011 0000000000000000 0000000000000000 0000000000000000            1            1 0000000000000000       0 0000000100000001 
     172500                                  1 0000000000000000 000000010101100 0000000000000000 0000000000000000 0000000000000000            1            1 0000000000000000       0 0000000100000001 
     173500                                  1 0000000000000000 000000010101101 0000000000000000 0000000000000000 0000000000000000            1            1 0000000000000000       0 0000000100000001 
     174500                                  1 0000000000000000 000000010101110 0000000000000000 0000000000000000 0000000000000000            1            1 0000000000000000       0 0000000100000001 
     175500                                  1 0000000000000000 000000010101111 0000000000000000 0000000000000000 0000000000000000            1            1 0000000000000000       0 0000000100000001 
     176500                                  1 0000000000000000 000000010110000 0000000000000000 0000000000000000 0000000000000000            1            1 0000000000000000       0 0000000100000001 
     177500                                  1 0000000000000000 000000010110001 0000000000000000 0000000000000000 0000000000000000            1            1 0000000000000000       0 0000000100000001 
     178500                                  1 0000000000000000 000000010110010 0000000000000000 0000000000000000 0000000000000000            1            1 0000000000000000       0 0000000100000001 
     179500                                  1 0000000000000000 000000010110011 0000000000000000 0000000000000000 0000000000000000            1            1 0000000000000000       0 0000000100000001 
     180500                                  1 0000000000000000 000000010110100 0000000000000000 0000000000000000 0000000000000000            1            1 0000000000000000       0 0000000100000001 
     181500                                  1 0000000000000000 000000010110101 0000000000000000 0000000000000000 0000000000000000            1            1 0000000000000000       0 0000000100000001 
     182500                                  1 0000000000000000 000000010110110 0000000000000000 0000000000000000 0000000000000000            1            1 0000000000000000       0 0000000100000001 
     183500                                  1 0000000000000000 000000010110111 0000000000000000 0000000000000000 0000000000000000            1            1 0000000000000000       0 0000000100000001 
     184500                                  1 0000000000000000 000000010111000 0000000000000000 0000000000000000 0000000000000000            1            1 0000000000000000       0 0000000100000001 
     185500                                  1 0000000000000000 000000010111001 0000000000000000 0000000000000000 0000000000000000            1            1 0000000000000000       0 0000000100000001 
     186500                                  1 0000000000000000 000000010111010 0000000000000000 0000000000000000 0000000000000000            1            1 0000000000000000       0 0000000100000001 
     187500                                  1 0000000000000000 000000010111011 0000000000000000 0000000000000000 0000000000000000            1            1 0000000000000000       0 0000000100000001 
     188500                                  1 0000000000000000 000000010111100 0000000000000000 0000000000000000 0000000000000000            1            1 0000000000000000       0 0000000100000001 
     189500                                  1 0000000000000000 000000010111101 0000000000000000 0000000000000000 0000000000000000            1            1 0000000000000000       0 0000000100000001 
     190500                                  1 0000000000000000 000000010111110 0000000000000000 0000000000000000 0000000000000000            1            1 0000000000000000       0 0000000100000001 
     191500                                  1 0000000000000000 000000010111111 0000000000000000 0000000000000000 0000000000000000            1            1 0000000000000000       0 0000000100000001 
     192500                                  1 0000000000000000 000000011000000 0000000000000000 0000000000000000 0000000000000000            1            1 0000000000000000       0 0000000100000001 
     193500                                  1 0000000000000000 000000011000001 0000000000000000 0000000000000000 0000000000000000            1            1 0000000000000000       0 0000000100000001 
     194500                                  1 0000000000000000 000000011000010 0000000000000000 0000000000000000 0000000000000000            1            1 0000000000000000       0 0000000100000001 
     195500                                  1 0000000000000000 000000011000011 0000000000000000 0000000000000000 0000000000000000            1            1 0000000000000000       0 0000000100000001 
     196500                                  1 0000000000000000 000000011000100 0000000000000000 0000000000000000 0000000000000000            1            1 0000000000000000       0 0000000100000001 
     197500                                  1 0000000000000000 000000011000101 0000000000000000 0000000000000000 0000000000000000            1            1 0000000000000000       0 0000000100000001 
     198500                                  1 0000000000000000 000000011000110 0000000000000000 0000000000000000 0000000000000000            1            1 0000000000000000       0 0000000100000001 
     199500                                  1 0000000000000000 000000011000111 0000000000000000 0000000000000000 0000000000000000            1            1 0000000000000000       0 0000000100000001 
